<?xml version="1.0" encoding="UTF-8"?>
<!-- Generated by org.testng.reporters.JUnitXMLReporter -->
<testsuite hostname="Shubhankar" failures="0" tests="3" name="Default test" time="21.71" errors="0" timestamp="1 Mar 2024 18:19:13 GMT">
  <testcase classname="nopCommerce.Accessories" name="product1" time="4.28"/>
  <testcase classname="nopCommerce.Accessories" name="product2" time="2.789"/>
  <testcase classname="nopCommerce.Accessories" name="product3" time="2.742"/>
</testsuite> <!-- Default test -->
