<?xml version="1.0" encoding="UTF-8"?>
<testng-results total="1" passed="1" failed="0" skipped="0">
  <reporter-output>
  </reporter-output>
  <suite started-at="2024-02-02T07:10:18Z" name="Default suite" finished-at="2024-02-02T07:11:09Z" duration-ms="51508">
    <groups>
    </groups>
    <test started-at="2024-02-02T07:10:18Z" name="Default test" finished-at="2024-02-02T07:11:09Z" duration-ms="51508">
      <class name="nopCommerce.findElements">
        <test-method is-config="true" signature="setup()[pri:0, instance:nopCommerce.findElements@3daf7722]" started-at="2024-02-02T12:40:18Z" name="setup" finished-at="2024-02-02T12:41:09Z" duration-ms="51249" status="PASS">
          <reporter-output>
          </reporter-output>
        </test-method> <!-- setup -->
        <test-method signature="elements()[pri:0, instance:nopCommerce.findElements@3daf7722]" started-at="2024-02-02T12:41:09Z" name="elements" finished-at="2024-02-02T12:41:09Z" duration-ms="218" status="PASS">
          <reporter-output>
          </reporter-output>
        </test-method> <!-- elements -->
      </class> <!-- nopCommerce.findElements -->
    </test> <!-- Default test -->
  </suite> <!-- Default suite -->
</testng-results>
